<?xml version="1.0" encoding="UTF-8"?>
<!-- Generated by org.testng.reporters.JUnitReportReporter -->
<testsuite skipped="0" hostname="USBLRUMATAI9" name="com.qa.hubspot.test.AccountPageTest" tests="6" failures="0" timestamp="20 Feb 2021 20:11:57 GMT" time="1.948" errors="0">
  <testcase name="verifyHomePageTitleTest" time="0.013" classname="com.qa.hubspot.test.AccountPageTest"/>
  <testcase name="verifyAccountPageHeaderText" time="0.107" classname="com.qa.hubspot.test.AccountPageTest"/>
  <testcase name="verifyAccountSectionsCountTest" time="0.019" classname="com.qa.hubspot.test.AccountPageTest"/>
  <testcase name="verifyAccountSectionsHeaderNameTest" time="0.059" classname="com.qa.hubspot.test.AccountPageTest"/>
  <testcase name="verifyRightSideList" time="0.260" classname="com.qa.hubspot.test.AccountPageTest"/>
  <testcase name="verifySearchFunctionalityTest" time="1.490" classname="com.qa.hubspot.test.AccountPageTest"/>
</testsuite> <!-- com.qa.hubspot.test.AccountPageTest -->
