<?xml version="1.0" encoding="UTF-8"?>
<!-- Generated by org.testng.reporters.JUnitReportReporter -->
<testsuite skipped="0" hostname="USBLRUMATAI9" name="com.qa.hubspot.test.RegisterPageTest" tests="4" failures="0" timestamp="18 Feb 2021 17:12:56 GMT" time="28.940" errors="0">
  <testcase name="doRegistrationTest" time="6.910" classname="com.qa.hubspot.test.RegisterPageTest"/>
  <testcase name="doRegistrationTest" time="6.975" classname="com.qa.hubspot.test.RegisterPageTest"/>
  <testcase name="doRegistrationTest" time="7.852" classname="com.qa.hubspot.test.RegisterPageTest"/>
  <testcase name="doRegistrationTest" time="7.203" classname="com.qa.hubspot.test.RegisterPageTest"/>
</testsuite> <!-- com.qa.hubspot.test.RegisterPageTest -->
